Determining if the pthread_create exist failed with the following output:
Change Dir: /home/mikolaj/catkin_ws/src/ORB_SLAM2/Examples/ROS/ORB_SLAM2/build/CMakeFiles/CMakeTmp

Run Build Command:"/usr/bin/make" "cmTC_802dd/fast"
/usr/bin/make -f CMakeFiles/cmTC_802dd.dir/build.make CMakeFiles/cmTC_802dd.dir/build
make[1]: Entering directory '/home/mikolaj/catkin_ws/src/ORB_SLAM2/Examples/ROS/ORB_SLAM2/build/CMakeFiles/CMakeTmp'
Building C object CMakeFiles/cmTC_802dd.dir/CheckSymbolExists.c.o
/usr/bin/cc    -o CMakeFiles/cmTC_802dd.dir/CheckSymbolExists.c.o   -c /home/mikolaj/catkin_ws/src/ORB_SLAM2/Examples/ROS/ORB_SLAM2/build/CMakeFiles/CMakeTmp/CheckSymbolExists.c
Linking C executable cmTC_802dd
/usr/bin/cmake -E cmake_link_script CMakeFiles/cmTC_802dd.dir/link.txt --verbose=1
/usr/bin/cc      -rdynamic CMakeFiles/cmTC_802dd.dir/CheckSymbolExists.c.o  -o cmTC_802dd 
CMakeFiles/cmTC_802dd.dir/CheckSymbolExists.c.o: In function `main':
CheckSymbolExists.c:(.text+0x1b): undefined reference to `pthread_create'
collect2: error: ld returned 1 exit status
CMakeFiles/cmTC_802dd.dir/build.make:97: recipe for target 'cmTC_802dd' failed
make[1]: *** [cmTC_802dd] Error 1
make[1]: Leaving directory '/home/mikolaj/catkin_ws/src/ORB_SLAM2/Examples/ROS/ORB_SLAM2/build/CMakeFiles/CMakeTmp'
Makefile:126: recipe for target 'cmTC_802dd/fast' failed
make: *** [cmTC_802dd/fast] Error 2

File /home/mikolaj/catkin_ws/src/ORB_SLAM2/Examples/ROS/ORB_SLAM2/build/CMakeFiles/CMakeTmp/CheckSymbolExists.c:
/* */
#include <pthread.h>

int main(int argc, char** argv)
{
  (void)argv;
#ifndef pthread_create
  return ((int*)(&pthread_create))[argc];
#else
  (void)argc;
  return 0;
#endif
}

Determining if the function pthread_create exists in the pthreads failed with the following output:
Change Dir: /home/mikolaj/catkin_ws/src/ORB_SLAM2/Examples/ROS/ORB_SLAM2/build/CMakeFiles/CMakeTmp

Run Build Command:"/usr/bin/make" "cmTC_30ded/fast"
/usr/bin/make -f CMakeFiles/cmTC_30ded.dir/build.make CMakeFiles/cmTC_30ded.dir/build
make[1]: Entering directory '/home/mikolaj/catkin_ws/src/ORB_SLAM2/Examples/ROS/ORB_SLAM2/build/CMakeFiles/CMakeTmp'
Building C object CMakeFiles/cmTC_30ded.dir/CheckFunctionExists.c.o
/usr/bin/cc   -DCHECK_FUNCTION_EXISTS=pthread_create   -o CMakeFiles/cmTC_30ded.dir/CheckFunctionExists.c.o   -c /usr/share/cmake-3.10/Modules/CheckFunctionExists.c
Linking C executable cmTC_30ded
/usr/bin/cmake -E cmake_link_script CMakeFiles/cmTC_30ded.dir/link.txt --verbose=1
/usr/bin/cc  -DCHECK_FUNCTION_EXISTS=pthread_create    -rdynamic CMakeFiles/cmTC_30ded.dir/CheckFunctionExists.c.o  -o cmTC_30ded -lpthreads 
/usr/bin/ld: cannot find -lpthreads
collect2: error: ld returned 1 exit status
CMakeFiles/cmTC_30ded.dir/build.make:97: recipe for target 'cmTC_30ded' failed
make[1]: *** [cmTC_30ded] Error 1
make[1]: Leaving directory '/home/mikolaj/catkin_ws/src/ORB_SLAM2/Examples/ROS/ORB_SLAM2/build/CMakeFiles/CMakeTmp'
Makefile:126: recipe for target 'cmTC_30ded/fast' failed
make: *** [cmTC_30ded/fast] Error 2


